<?xml version="1.0" encoding="UTF-8"?>
<!-- Generated by org.testng.reporters.JUnitXMLReporter -->
<testsuite ignored="3" hostname="LAPTOP-K6EVNUCN" failures="0" tests="1" name="Default test" time="1.422" errors="0" timestamp="2022-12-04T07:02:30 IST">
  <testcase classname="NonBddStyle.GetAllEmployees" name="deleteanEmployee" time="1.386"/>
  <testcase classname="NonBddStyle.GetAllEmployees" name="UpdateanEmployee" time="0.0">
    <ignored/>
  </testcase> <!-- UpdateanEmployee -->
  <testcase classname="NonBddStyle.GetAllEmployees" name="allEmployees" time="0.0">
    <ignored/>
  </testcase> <!-- allEmployees -->
  <testcase classname="NonBddStyle.GetAllEmployees" name="createanEmployee" time="0.0">
    <ignored/>
  </testcase> <!-- createanEmployee -->
</testsuite> <!-- Default test -->
