<?xml version="1.0" encoding="UTF-8"?>
<testng-results ignored="3" total="4" passed="1" failed="0" skipped="0">
  <reporter-output>
  </reporter-output>
  <suite started-at="2022-12-04T07:02:29 IST" name="Default suite" finished-at="2022-12-04T07:02:30 IST" duration-ms="1422">
    <groups>
    </groups>
    <test started-at="2022-12-04T07:02:29 IST" name="Default test" finished-at="2022-12-04T07:02:30 IST" duration-ms="1422">
      <class name="NonBddStyle.GetAllEmployees">
        <test-method signature="deleteanEmployee()[pri:0, instance:NonBddStyle.GetAllEmployees@54422e18]" started-at="2022-12-04T07:02:29 IST" name="deleteanEmployee" finished-at="2022-12-04T07:02:30 IST" duration-ms="1386" status="PASS">
          <reporter-output>
          </reporter-output>
        </test-method> <!-- deleteanEmployee -->
      </class> <!-- NonBddStyle.GetAllEmployees -->
    </test> <!-- Default test -->
  </suite> <!-- Default suite -->
</testng-results>
